# JRE version: OpenJDK Runtime Environment Temurin-21.0.7+6 (21.0.7+6) (build 21.0.7+6-LTS)
# Java VM: OpenJDK 64-Bit Server VM Temurin-21.0.7+6 (21.0.7+6-LTS, mixed mode, sharing, tiered, compressed oops, compressed class ptrs, parallel gc, windows-amd64)
GC Precious Log:
 CardTable entry size: 512
 CPUs: 8 total, 8 available
 Memory: 16183M
 Large Page Support: Disabled
 NUMA Support: Disabled
 Compressed Oops: Enabled (32-bit)
 Alignments: Space 512K, Generation 512K, Heap 2M
 Heap Min Capacity: 100M
 Heap Initial Capacity: 100M
 Heap Max Capacity: 1G
 Pre-touch: Disabled
 Parallel Workers: 8
Heap:
 PSYoungGen      total 3072K, used 3052K [0x00000000eab00000, 0x00000000eaf80000, 0x0000000100000000)
  eden space 2560K, 100% used [0x00000000eab00000,0x00000000ead80000,0x00000000ead80000)
  from space 512K, 96% used [0x00000000ead80000,0x00000000eadfb008,0x00000000eae00000)
  to   space 1024K, 37% used [0x00000000eae80000,0x00000000eaee0000,0x00000000eaf80000)
 ParOldGen       total 407552K, used 407551K [0x00000000c0000000, 0x00000000d8e00000, 0x00000000eab00000)
  object space 407552K, 99% used [0x00000000c0000000,0x00000000d8dffd20,0x00000000d8e00000)
 Metaspace       used 64536K, committed 66048K, reserved 1114112K
  class space    used 6488K, committed 7168K, reserved 1048576K
GC Heap History (20 events):
Event: 65.174 GC heap after
{Heap after GC invocations=467 (full 3):
 PSYoungGen      total 2048K, used 288K [0x00000000eab00000, 0x00000000ead80000, 0x0000000100000000)
  eden space 1536K, 0% used [0x00000000eab00000,0x00000000eab00000,0x00000000eac80000)
  from space 512K, 56% used [0x00000000ead00000,0x00000000ead48000,0x00000000ead80000)
  to   space 512K, 0% used [0x00000000eac80000,0x00000000eac80000,0x00000000ead00000)
 ParOldGen       total 404992K, used 404830K [0x00000000c0000000, 0x00000000d8b80000, 0x00000000eab00000)
  object space 404992K, 99% used [0x00000000c0000000,0x00000000d8b57910,0x00000000d8b80000)
 Metaspace       used 64533K, committed 66048K, reserved 1114112K
  class space    used 6488K, committed 7168K, reserved 1048576K
}
Event: 65.190 GC heap before
{Heap before GC invocations=468 (full 3):
 PSYoungGen      total 2048K, used 1824K [0x00000000eab00000, 0x00000000ead80000, 0x0000000100000000)
  eden space 1536K, 100% used [0x00000000eab00000,0x00000000eac80000,0x00000000eac80000)
  from space 512K, 56% used [0x00000000ead00000,0x00000000ead48000,0x00000000ead80000)
  to   space 512K, 0% used [0x00000000eac80000,0x00000000eac80000,0x00000000ead00000)
 ParOldGen       total 404992K, used 404830K [0x00000000c0000000, 0x00000000d8b80000, 0x00000000eab00000)
  object space 404992K, 99% used [0x00000000c0000000,0x00000000d8b57910,0x00000000d8b80000)
 Metaspace       used 64533K, committed 66048K, reserved 1114112K
  class space    used 6488K, committed 7168K, reserved 1048576K
}
Event: 65.193 GC heap after
{Heap after GC invocations=468 (full 3):
 PSYoungGen      total 2048K, used 347K [0x00000000eab00000, 0x00000000ead80000, 0x0000000100000000)
  eden space 1536K, 0% used [0x00000000eab00000,0x00000000eab00000,0x00000000eac80000)
  from space 512K, 67% used [0x00000000eac80000,0x00000000eacd6c08,0x00000000ead00000)
  to   space 512K, 0% used [0x00000000ead00000,0x00000000ead00000,0x00000000ead80000)
 ParOldGen       total 405504K, used 405046K [0x00000000c0000000, 0x00000000d8c00000, 0x00000000eab00000)
  object space 405504K, 99% used [0x00000000c0000000,0x00000000d8b8d910,0x00000000d8c00000)
 Metaspace       used 64533K, committed 66048K, reserved 1114112K
  class space    used 6488K, committed 7168K, reserved 1048576K
}
Event: 65.200 GC heap before
{Heap before GC invocations=469 (full 3):
 PSYoungGen      total 2048K, used 1882K [0x00000000eab00000, 0x00000000ead80000, 0x0000000100000000)
  eden space 1536K, 99% used [0x00000000eab00000,0x00000000eac7ff88,0x00000000eac80000)
  from space 512K, 67% used [0x00000000eac80000,0x00000000eacd6c08,0x00000000ead00000)
  to   space 512K, 0% used [0x00000000ead00000,0x00000000ead00000,0x00000000ead80000)
 ParOldGen       total 405504K, used 405046K [0x00000000c0000000, 0x00000000d8c00000, 0x00000000eab00000)
  object space 405504K, 99% used [0x00000000c0000000,0x00000000d8b8d910,0x00000000d8c00000)
 Metaspace       used 64533K, committed 66048K, reserved 1114112K
  class space    used 6488K, committed 7168K, reserved 1048576K
}
Event: 66.205 GC heap after
{Heap after GC invocations=469 (full 3):
 PSYoungGen      total 2048K, used 320K [0x00000000eab00000, 0x00000000eae00000, 0x0000000100000000)
  eden space 1536K, 0% used [0x00000000eab00000,0x00000000eab00000,0x00000000eac80000)
  from space 512K, 62% used [0x00000000ead00000,0x00000000ead50000,0x00000000ead80000)
  to   space 512K, 0% used [0x00000000eac80000,0x00000000eac80000,0x00000000ead00000)
 ParOldGen       total 405504K, used 405289K [0x00000000c0000000, 0x00000000d8c00000, 0x00000000eab00000)
  object space 405504K, 99% used [0x00000000c0000000,0x00000000d8bca518,0x00000000d8c00000)
 Metaspace       used 64533K, committed 66048K, reserved 1114112K
  class space    used 6488K, committed 7168K, reserved 1048576K
}
Event: 66.217 GC heap before
{Heap before GC invocations=470 (full 3):
 PSYoungGen      total 2048K, used 1856K [0x00000000eab00000, 0x00000000eae00000, 0x0000000100000000)
  eden space 1536K, 100% used [0x00000000eab00000,0x00000000eac80000,0x00000000eac80000)
  from space 512K, 62% used [0x00000000ead00000,0x00000000ead50000,0x00000000ead80000)
  to   space 512K, 0% used [0x00000000eac80000,0x00000000eac80000,0x00000000ead00000)
 ParOldGen       total 405504K, used 405289K [0x00000000c0000000, 0x00000000d8c00000, 0x00000000eab00000)
  object space 405504K, 99% used [0x00000000c0000000,0x00000000d8bca518,0x00000000d8c00000)
 Metaspace       used 64533K, committed 66048K, reserved 1114112K
  class space    used 6488K, committed 7168K, reserved 1048576K
}
Event: 66.219 GC heap after
{Heap after GC invocations=470 (full 3):
 PSYoungGen      total 2048K, used 320K [0x00000000eab00000, 0x00000000eae00000, 0x0000000100000000)
  eden space 1536K, 0% used [0x00000000eab00000,0x00000000eab00000,0x00000000eac80000)
  from space 512K, 62% used [0x00000000eac80000,0x00000000eacd0000,0x00000000ead00000)
  to   space 512K, 0% used [0x00000000ead80000,0x00000000ead80000,0x00000000eae00000)
 ParOldGen       total 405504K, used 405497K [0x00000000c0000000, 0x00000000d8c00000, 0x00000000eab00000)
  object space 405504K, 99% used [0x00000000c0000000,0x00000000d8bfe518,0x00000000d8c00000)
 Metaspace       used 64533K, committed 66048K, reserved 1114112K
  class space    used 6488K, committed 7168K, reserved 1048576K
}
Event: 66.246 GC heap before
{Heap before GC invocations=471 (full 3):
 PSYoungGen      total 2048K, used 1845K [0x00000000eab00000, 0x00000000eae00000, 0x0000000100000000)
  eden space 1536K, 99% used [0x00000000eab00000,0x00000000eac7d780,0x00000000eac80000)
  from space 512K, 62% used [0x00000000eac80000,0x00000000eacd0000,0x00000000ead00000)
  to   space 512K, 0% used [0x00000000ead80000,0x00000000ead80000,0x00000000eae00000)
 ParOldGen       total 405504K, used 405497K [0x00000000c0000000, 0x00000000d8c00000, 0x00000000eab00000)
  object space 405504K, 99% used [0x00000000c0000000,0x00000000d8bfe518,0x00000000d8c00000)
 Metaspace       used 64533K, committed 66048K, reserved 1114112K
  class space    used 6488K, committed 7168K, reserved 1048576K
}
Event: 66.258 GC heap after
{Heap after GC invocations=471 (full 3):
 PSYoungGen      total 2560K, used 406K [0x00000000eab00000, 0x00000000eae00000, 0x0000000100000000)
  eden space 2048K, 0% used [0x00000000eab00000,0x00000000eab00000,0x00000000ead00000)
  from space 512K, 79% used [0x00000000ead80000,0x00000000eade5808,0x00000000eae00000)
  to   space 512K, 0% used [0x00000000ead00000,0x00000000ead00000,0x00000000ead80000)
 ParOldGen       total 406016K, used 405729K [0x00000000c0000000, 0x00000000d8c80000, 0x00000000eab00000)
  object space 406016K, 99% used [0x00000000c0000000,0x00000000d8c38518,0x00000000d8c80000)
 Metaspace       used 64533K, committed 66048K, reserved 1114112K
  class space    used 6488K, committed 7168K, reserved 1048576K
}
Event: 66.273 GC heap before
{Heap before GC invocations=472 (full 3):
 PSYoungGen      total 2560K, used 2454K [0x00000000eab00000, 0x00000000eae00000, 0x0000000100000000)
  eden space 2048K, 100% used [0x00000000eab00000,0x00000000ead00000,0x00000000ead00000)
  from space 512K, 79% used [0x00000000ead80000,0x00000000eade5808,0x00000000eae00000)
  to   space 512K, 0% used [0x00000000ead00000,0x00000000ead00000,0x00000000ead80000)
 ParOldGen       total 406016K, used 405729K [0x00000000c0000000, 0x00000000d8c80000, 0x00000000eab00000)
  object space 406016K, 99% used [0x00000000c0000000,0x00000000d8c38518,0x00000000d8c80000)
 Metaspace       used 64534K, committed 66048K, reserved 1114112K
  class space    used 6488K, committed 7168K, reserved 1048576K
}
Event: 66.284 GC heap after
{Heap after GC invocations=472 (full 3):
 PSYoungGen      total 2560K, used 384K [0x00000000eab00000, 0x00000000eae80000, 0x0000000100000000)
  eden space 2048K, 0% used [0x00000000eab00000,0x00000000eab00000,0x00000000ead00000)
  from space 512K, 75% used [0x00000000ead00000,0x00000000ead60000,0x00000000ead80000)
  to   space 512K, 0% used [0x00000000eae00000,0x00000000eae00000,0x00000000eae80000)
 ParOldGen       total 406528K, used 406039K [0x00000000c0000000, 0x00000000d8d00000, 0x00000000eab00000)
  object space 406528K, 99% used [0x00000000c0000000,0x00000000d8c85d20,0x00000000d8d00000)
 Metaspace       used 64534K, committed 66048K, reserved 1114112K
  class space    used 6488K, committed 7168K, reserved 1048576K
}
Event: 66.319 GC heap before
{Heap before GC invocations=473 (full 3):
 PSYoungGen      total 2560K, used 2432K [0x00000000eab00000, 0x00000000eae80000, 0x0000000100000000)
  eden space 2048K, 100% used [0x00000000eab00000,0x00000000ead00000,0x00000000ead00000)
  from space 512K, 75% used [0x00000000ead00000,0x00000000ead60000,0x00000000ead80000)
  to   space 512K, 0% used [0x00000000eae00000,0x00000000eae00000,0x00000000eae80000)
 ParOldGen       total 406528K, used 406039K [0x00000000c0000000, 0x00000000d8d00000, 0x00000000eab00000)
  object space 406528K, 99% used [0x00000000c0000000,0x00000000d8c85d20,0x00000000d8d00000)
 Metaspace       used 64535K, committed 66048K, reserved 1114112K
  class space    used 6488K, committed 7168K, reserved 1048576K
}
Event: 66.321 GC heap after
{Heap after GC invocations=473 (full 3):
 PSYoungGen      total 3072K, used 384K [0x00000000eab00000, 0x00000000eae80000, 0x0000000100000000)
  eden space 2560K, 0% used [0x00000000eab00000,0x00000000eab00000,0x00000000ead80000)
  from space 512K, 75% used [0x00000000eae00000,0x00000000eae60000,0x00000000eae80000)
  to   space 512K, 0% used [0x00000000ead80000,0x00000000ead80000,0x00000000eae00000)
 ParOldGen       total 406528K, used 406351K [0x00000000c0000000, 0x00000000d8d00000, 0x00000000eab00000)
  object space 406528K, 99% used [0x00000000c0000000,0x00000000d8cd3d20,0x00000000d8d00000)
 Metaspace       used 64535K, committed 66048K, reserved 1114112K
  class space    used 6488K, committed 7168K, reserved 1048576K
}
Event: 66.330 GC heap before
{Heap before GC invocations=474 (full 3):
 PSYoungGen      total 3072K, used 2937K [0x00000000eab00000, 0x00000000eae80000, 0x0000000100000000)
  eden space 2560K, 99% used [0x00000000eab00000,0x00000000ead7e410,0x00000000ead80000)
  from space 512K, 75% used [0x00000000eae00000,0x00000000eae60000,0x00000000eae80000)
  to   space 512K, 0% used [0x00000000ead80000,0x00000000ead80000,0x00000000eae00000)
 ParOldGen       total 406528K, used 406351K [0x00000000c0000000, 0x00000000d8d00000, 0x00000000eab00000)
  object space 406528K, 99% used [0x00000000c0000000,0x00000000d8cd3d20,0x00000000d8d00000)
 Metaspace       used 64536K, committed 66048K, reserved 1114112K
  class space    used 6488K, committed 7168K, reserved 1048576K
}
Event: 66.332 GC heap after
{Heap after GC invocations=474 (full 3):
 PSYoungGen      total 3072K, used 448K [0x00000000eab00000, 0x00000000eaf00000, 0x0000000100000000)
  eden space 2560K, 0% used [0x00000000eab00000,0x00000000eab00000,0x00000000ead80000)
  from space 512K, 87% used [0x00000000ead80000,0x00000000eadf0000,0x00000000eae00000)
  to   space 512K, 0% used [0x00000000eae80000,0x00000000eae80000,0x00000000eaf00000)
 ParOldGen       total 407040K, used 406639K [0x00000000c0000000, 0x00000000d8d80000, 0x00000000eab00000)
  object space 407040K, 99% used [0x00000000c0000000,0x00000000d8d1bd20,0x00000000d8d80000)
 Metaspace       used 64536K, committed 66048K, reserved 1114112K
  class space    used 6488K, committed 7168K, reserved 1048576K
}
Event: 67.334 GC heap before
{Heap before GC invocations=475 (full 3):
 PSYoungGen      total 3072K, used 3008K [0x00000000eab00000, 0x00000000eaf00000, 0x0000000100000000)
  eden space 2560K, 100% used [0x00000000eab00000,0x00000000ead80000,0x00000000ead80000)
  from space 512K, 87% used [0x00000000ead80000,0x00000000eadf0000,0x00000000eae00000)
  to   space 512K, 0% used [0x00000000eae80000,0x00000000eae80000,0x00000000eaf00000)
 ParOldGen       total 407040K, used 406639K [0x00000000c0000000, 0x00000000d8d80000, 0x00000000eab00000)
  object space 407040K, 99% used [0x00000000c0000000,0x00000000d8d1bd20,0x00000000d8d80000)
 Metaspace       used 64536K, committed 66048K, reserved 1114112K
  class space    used 6488K, committed 7168K, reserved 1048576K
}
Event: 67.336 GC heap after
{Heap after GC invocations=475 (full 3):
 PSYoungGen      total 3072K, used 416K [0x00000000eab00000, 0x00000000eaf00000, 0x0000000100000000)
  eden space 2560K, 0% used [0x00000000eab00000,0x00000000eab00000,0x00000000ead80000)
  from space 512K, 81% used [0x00000000eae80000,0x00000000eaee8000,0x00000000eaf00000)
  to   space 512K, 0% used [0x00000000ead80000,0x00000000ead80000,0x00000000eae00000)
 ParOldGen       total 407040K, used 406983K [0x00000000c0000000, 0x00000000d8d80000, 0x00000000eab00000)
  object space 407040K, 99% used [0x00000000c0000000,0x00000000d8d71d20,0x00000000d8d80000)
 Metaspace       used 64536K, committed 66048K, reserved 1114112K
  class space    used 6488K, committed 7168K, reserved 1048576K
}
Event: 67.344 GC heap before
{Heap before GC invocations=476 (full 3):
 PSYoungGen      total 3072K, used 2976K [0x00000000eab00000, 0x00000000eaf00000, 0x0000000100000000)
  eden space 2560K, 100% used [0x00000000eab00000,0x00000000ead80000,0x00000000ead80000)
  from space 512K, 81% used [0x00000000eae80000,0x00000000eaee8000,0x00000000eaf00000)
  to   space 512K, 0% used [0x00000000ead80000,0x00000000ead80000,0x00000000eae00000)
 ParOldGen       total 407040K, used 406983K [0x00000000c0000000, 0x00000000d8d80000, 0x00000000eab00000)
  object space 407040K, 99% used [0x00000000c0000000,0x00000000d8d71d20,0x00000000d8d80000)
 Metaspace       used 64536K, committed 66048K, reserved 1114112K
  class space    used 6488K, committed 7168K, reserved 1048576K
}
Event: 67.346 GC heap after
{Heap after GC invocations=476 (full 3):
 PSYoungGen      total 3072K, used 492K [0x00000000eab00000, 0x00000000eaf80000, 0x0000000100000000)
  eden space 2560K, 0% used [0x00000000eab00000,0x00000000eab00000,0x00000000ead80000)
  from space 512K, 96% used [0x00000000ead80000,0x00000000eadfb008,0x00000000eae00000)
  to   space 1024K, 0% used [0x00000000eae80000,0x00000000eae80000,0x00000000eaf80000)
 ParOldGen       total 407552K, used 407343K [0x00000000c0000000, 0x00000000d8e00000, 0x00000000eab00000)
  object space 407552K, 99% used [0x00000000c0000000,0x00000000d8dcbd20,0x00000000d8e00000)
 Metaspace       used 64536K, committed 66048K, reserved 1114112K
  class space    used 6488K, committed 7168K, reserved 1048576K
}
Event: 67.352 GC heap before
{Heap before GC invocations=477 (full 3):
 PSYoungGen      total 3072K, used 3052K [0x00000000eab00000, 0x00000000eaf80000, 0x0000000100000000)
  eden space 2560K, 100% used [0x00000000eab00000,0x00000000ead80000,0x00000000ead80000)
  from space 512K, 96% used [0x00000000ead80000,0x00000000eadfb008,0x00000000eae00000)
  to   space 1024K, 0% used [0x00000000eae80000,0x00000000eae80000,0x00000000eaf80000)
 ParOldGen       total 407552K, used 407343K [0x00000000c0000000, 0x00000000d8e00000, 0x00000000eab00000)
  object space 407552K, 99% used [0x00000000c0000000,0x00000000d8dcbd20,0x00000000d8e00000)
 Metaspace       used 64536K, committed 66048K, reserved 1114112K
  class space    used 6488K, committed 7168K, reserved 1048576K
}

